#
# A fatal error has been detected by the Java Runtime Environment:
#
#  EXCEPTION_ACCESS_VIOLATION (0xc0000005) at pc=0x000000006cf1a940, pid=11952, tid=0x0000000000002e38
#
# JRE version: OpenJDK Runtime Environment (8.0_152-b01) (build 1.8.0_152-release-1343-b01)
# Java VM: OpenJDK 64-Bit Server VM (25.152-b01 mixed mode windows-amd64 compressed oops)
# Problematic frame:
# V  [jvm.dll+0x8a940]
#
# Failed to write core dump. Minidumps are not enabled by default on client versions of Windows
#
# If you would like to submit a bug report, please visit:
#   http://bugreport.java.com/bugreport/crash.jsp
#

---------------  T H R E A D  ---------------

Current thread (0x00000000024e8800):  GCTaskThread [stack: 0x0000000011fa0000,0x00000000120a0000] [id=11832]

siginfo: ExceptionCode=0xc0000005, reading address 0x0000000000000008

Registers:
RAX=0x00000000122a0000, RBX=0x00000000fdb03228, RCX=0x00000000fdb03228, RDX=0x0000000000000000
RSP=0x000000001209f958, RBP=0x00000000025bad00, RSI=0x00000000a65ae548, RDI=0x00000000fdb03228
R8 =0x00000000002ed819, R9 =0x0000000000000000, R10=0x000000000000000c, R11=0x0000000000000000
R12=0x00000000a65ae580, R13=0x000000000000000e, R14=0x00000000a65ae538, R15=0x000000000000000e
RIP=0x000000006cf1a940, EFLAGS=0x0000000000010246

Top of Stack: (sp=0x000000001209f958)
0x000000001209f958:   000000006cf75f27 00000000a65ae538
0x000000001209f968:   000000006d257f28 000000006d655aa0
0x000000001209f978:   0000000000000009 00000000fdb03228
0x000000001209f988:   000000006cfa52ba 0000000000000919
0x000000001209f998:   000000006cf7f456 00000000a65ae538
0x000000001209f9a8:   00000000a65ae518 00000000025bad00
0x000000001209f9b8:   000000006cfa53c3 0000000000000000
0x000000001209f9c8:   00000000000003d8 00000000024e9578
0x000000001209f9d8:   0000000000003a00 0000000000000919
0x000000001209f9e8:   000000006d253de0 00000000025bad00
0x000000001209f9f8:   00000000fdec80e0 00000000024e91a0
0x000000001209fa08:   00000000024e91a0 00000ad4000008f0
0x000000001209fa18:   00000ad5000008f0 0000000000000000
0x000000001209fa28:   00000000fdec80e0 0000000000003a00
0x000000001209fa38:   0000000020271000 0000000000000001
0x000000001209fa48:   0000000000000001 00001ee33ed5793d 

Instructions: (pc=0x000000006cf1a940)
0x000000006cf1a920:   ac 50 1d 00 48 8b 9c 24 c0 00 00 00 48 81 c4 b0
0x000000006cf1a930:   00 00 00 5d c3 cc cc cc cc cc cc cc cc cc cc cc
0x000000006cf1a940:   44 8b 42 08 4c 8b ca 45 85 c0 7e 0e 41 f6 c0 01
0x000000006cf1a950:   75 57 41 c1 f8 03 41 8b c0 c3 79 4d 80 3d 9e 10 


Register to memory mapping:

RAX=0x00000000122a0000 is an unknown value
RBX=0x00000000fdb03228 is an oop

[error occurred during error reporting (printing register info), id 0xc0000005]

Stack: [0x0000000011fa0000,0x00000000120a0000],  sp=0x000000001209f958,  free space=1022k
Native frames: (J=compiled Java code, j=interpreted, Vv=VM code, C=native code)
V  [jvm.dll+0x8a940]


---------------  P R O C E S S  ---------------

Java Threads: ( => current thread )
  0x0000000020271000 JavaThread "ForkJoinPool-1-worker-0" daemon [_thread_blocked, id=8644, stack(0x000000002d140000,0x000000002d240000)]
  0x0000000020269800 JavaThread "ForkJoinPool-1-worker-3" daemon [_thread_blocked, id=12256, stack(0x000000002d040000,0x000000002d140000)]
  0x0000000020270800 JavaThread "ForkJoinPool-1-worker-2" daemon [_thread_blocked, id=8732, stack(0x000000002cf40000,0x000000002d040000)]
  0x000000002026f800 JavaThread "ForkJoinPool-1-worker-1" daemon [_thread_blocked, id=3912, stack(0x000000002ce40000,0x000000002cf40000)]
  0x000000001f2ef800 JavaThread "Cache worker for Java compile cache (C:\Users\BrzN\Desktop\vigilante10\Vigilante\.gradle\5.1.1\javaCompile)" [_thread_blocked, id=12904, stack(0x0000000028740000,0x0000000028840000)]
  0x000000001f2e4000 JavaThread "Cache worker for Java compile cache (C:\Users\BrzN\.gradle\caches\5.1.1\javaCompile)" [_thread_blocked, id=6756, stack(0x0000000028640000,0x0000000028740000)]
  0x000000001f2ee800 JavaThread "stdout" daemon [_thread_in_native, id=1672, stack(0x0000000028540000,0x0000000028640000)]
  0x000000001f2eb800 JavaThread "stderr" daemon [_thread_in_native, id=6640, stack(0x0000000028440000,0x0000000028540000)]
  0x000000001f2ea000 JavaThread "stdout" daemon [_thread_in_native, id=10456, stack(0x0000000028340000,0x0000000028440000)]
  0x000000001f2e9800 JavaThread "stderr" daemon [_thread_in_native, id=9864, stack(0x0000000028240000,0x0000000028340000)]
  0x000000001f2ee000 JavaThread "stdout" daemon [_thread_in_native, id=3448, stack(0x0000000028140000,0x0000000028240000)]
  0x000000001f2ed000 JavaThread "stderr" daemon [_thread_in_native, id=620, stack(0x0000000028040000,0x0000000028140000)]
  0x000000001f2e2000 JavaThread "pool-6-thread-1" [_thread_blocked, id=11220, stack(0x0000000027f40000,0x0000000028040000)]
  0x000000001f2e5800 JavaThread "Cache worker for execution history cache (C:\Users\BrzN\Desktop\vigilante10\Vigilante\.gradle\5.1.1\executionHistory)" [_thread_blocked, id=7380, stack(0x0000000027b40000,0x0000000027c40000)]
  0x000000001f2e5000 JavaThread "Execution worker for ':' Thread 3" [_thread_blocked, id=6724, stack(0x0000000027a40000,0x0000000027b40000)]
  0x000000001f2e3800 JavaThread "Execution worker for ':' Thread 2" [_thread_blocked, id=14008, stack(0x0000000027940000,0x0000000027a40000)]
  0x000000001f2e6800 JavaThread "Execution worker for ':'" [_thread_blocked, id=13616, stack(0x0000000027840000,0x0000000027940000)]
  0x000000001f2e7000 JavaThread "Cache worker for file content cache (C:\Users\BrzN\Desktop\vigilante10\Vigilante\.gradle\5.1.1\fileContent)" [_thread_blocked, id=10132, stack(0x0000000027740000,0x0000000027840000)]
  0x00000000190b8800 JavaThread "Cache worker for file content cache (C:\Users\BrzN\.gradle\caches\5.1.1\fileContent)" [_thread_blocked, id=9364, stack(0x0000000027640000,0x0000000027740000)]
  0x00000000190b5000 JavaThread "Cache worker for Build Output Cleanup Cache (C:\Users\BrzN\Desktop\vigilante10\Vigilante\.gradle\buildOutputCleanup)" [_thread_blocked, id=3636, stack(0x0000000027540000,0x0000000027640000)]
  0x00000000190b5800 JavaThread "pool-5-thread-1" [_thread_blocked, id=11460, stack(0x0000000027440000,0x0000000027540000)]
  0x00000000190b3800 JavaThread "Build operations Thread 4" [_thread_blocked, id=10344, stack(0x0000000027340000,0x0000000027440000)]
  0x000000001c352800 JavaThread "Build operations Thread 3" [_thread_blocked, id=748, stack(0x0000000027240000,0x0000000027340000)]
  0x000000001c351000 JavaThread "Build operations Thread 2" [_thread_blocked, id=9588, stack(0x0000000027140000,0x0000000027240000)]
  0x000000001c350000 JavaThread "Build operations" [_thread_blocked, id=12916, stack(0x0000000027040000,0x0000000027140000)]
  0x000000001c34f800 JavaThread "Cache worker for cache directory md-rule (C:\Users\BrzN\.gradle\caches\5.1.1\md-rule)" [_thread_blocked, id=1064, stack(0x0000000026f40000,0x0000000027040000)]
  0x000000001c347000 JavaThread "Cache worker for cache directory md-supplier (C:\Users\BrzN\.gradle\caches\5.1.1\md-supplier)" [_thread_blocked, id=4044, stack(0x0000000026e40000,0x0000000026f40000)]
  0x000000001c34a000 JavaThread "Cache worker for file hash cache (C:\Users\BrzN\Desktop\vigilante10\Vigilante\.gradle\5.1.1\fileHashes)" [_thread_blocked, id=14208, stack(0x0000000026d40000,0x0000000026e40000)]
  0x000000001c346800 JavaThread "Thread-61" [_thread_blocked, id=7384, stack(0x0000000026c40000,0x0000000026d40000)]
  0x000000001c343800 JavaThread "Asynchronous log dispatcher for DefaultDaemonConnection: socket connection from /127.0.0.1:61930 to /127.0.0.1:62009" [_thread_blocked, id=3372, stack(0x0000000026a40000,0x0000000026b40000)]
  0x000000001c349800 JavaThread "Cancel handler" [_thread_blocked, id=14040, stack(0x0000000026940000,0x0000000026a40000)]
  0x000000001c345800 JavaThread "Handler for socket connection from /127.0.0.1:61930 to /127.0.0.1:62009" [_thread_in_native, id=7080, stack(0x0000000026840000,0x0000000026940000)]
  0x000000001c34b000 JavaThread "Memory manager" [_thread_blocked, id=5712, stack(0x0000000022d00000,0x0000000022e00000)]
  0x00000000190b6800 JavaThread "Cache worker for execution history cache (C:\Users\BrzN\.gradle\caches\5.1.1\executionHistory)" [_thread_blocked, id=8468, stack(0x000000001f9e0000,0x000000001fae0000)]
  0x00000000190b2800 JavaThread "Cache worker for journal cache (C:\Users\BrzN\.gradle\caches\journal-1)" [_thread_blocked, id=5600, stack(0x000000001aa20000,0x000000001ab20000)]
  0x00000000190b7000 JavaThread "File lock request listener" [_thread_in_native, id=12012, stack(0x000000001a920000,0x000000001aa20000)]
  0x00000000190c4800 JavaThread "Cache worker for file hash cache (C:\Users\BrzN\.gradle\caches\5.1.1\fileHashes)" [_thread_blocked, id=12300, stack(0x000000001a820000,0x000000001a920000)]
  0x0000000018d74800 JavaThread "Daemon worker" [_thread_blocked, id=12208, stack(0x000000001a420000,0x000000001a520000)]
  0x0000000018f1f000 JavaThread "Daemon" [_thread_blocked, id=8228, stack(0x0000000019f20000,0x000000001a020000)]
  0x0000000018c98800 JavaThread "Daemon periodic checks" [_thread_blocked, id=9572, stack(0x0000000019e20000,0x0000000019f20000)]
  0x0000000018c04800 JavaThread "Incoming local TCP Connector on port 61930" [_thread_in_native, id=4576, stack(0x0000000019bc0000,0x0000000019cc0000)]
  0x00000000178d6800 JavaThread "Service Thread" daemon [_thread_blocked, id=10424, stack(0x0000000017cb0000,0x0000000017db0000)]
  0x0000000015f92800 JavaThread "C1 CompilerThread2" daemon [_thread_blocked, id=11172, stack(0x00000000177b0000,0x00000000178b0000)]
  0x0000000015f3b000 JavaThread "C2 CompilerThread1" daemon [_thread_blocked, id=10988, stack(0x00000000176b0000,0x00000000177b0000)]
  0x0000000015f47800 JavaThread "C2 CompilerThread0" daemon [_thread_blocked, id=9728, stack(0x00000000175b0000,0x00000000176b0000)]
  0x0000000015f45800 JavaThread "Attach Listener" daemon [_thread_blocked, id=10764, stack(0x00000000174b0000,0x00000000175b0000)]
  0x0000000015f44800 JavaThread "Signal Dispatcher" daemon [_thread_blocked, id=12548, stack(0x00000000173b0000,0x00000000174b0000)]
  0x00000000025cb800 JavaThread "Finalizer" daemon [_thread_blocked, id=2036, stack(0x00000000171a0000,0x00000000172a0000)]
  0x00000000025c0800 JavaThread "Reference Handler" daemon [_thread_blocked, id=9528, stack(0x00000000170a0000,0x00000000171a0000)]
  0x00000000024ad800 JavaThread "main" [_thread_blocked, id=13592, stack(0x0000000002340000,0x0000000002440000)]

Other Threads:
  0x0000000015f06800 VMThread [stack: 0x0000000016fa0000,0x00000000170a0000] [id=12320]
  0x00000000178d7800 WatcherThread [stack: 0x0000000017db0000,0x0000000017eb0000] [id=7240]

=>0x00000000024e8800 (exited) GCTaskThread [stack: 0x0000000011fa0000,0x00000000120a0000] [id=11832]

VM state:at safepoint (normal execution)

VM Mutex/Monitor currently owned by a thread:  ([mutex/lock_event])
[0x00000000024ac850] Threads_lock - owner thread: 0x0000000015f06800
[0x00000000024ad3d0] Heap_lock - owner thread: 0x0000000020270800

Heap:
 PSYoungGen      total 404992K, used 38399K [0x00000000e0000000, 0x0000000100000000, 0x0000000100000000)
  eden space 366592K, 0% used [0x00000000e0000000,0x00000000e0000000,0x00000000f6600000)
  from space 38400K, 99% used [0x00000000fda80000,0x00000000fffffd58,0x0000000100000000)
  to   space 78848K, 0% used [0x00000000f6600000,0x00000000f6600000,0x00000000fb300000)
 ParOldGen       total 207360K, used 177192K [0x00000000a0000000, 0x00000000aca80000, 0x00000000e0000000)
  object space 207360K, 85% used [0x00000000a0000000,0x00000000aad0a088,0x00000000aca80000)
 Metaspace       used 97880K, capacity 101568K, committed 101760K, reserved 1138688K
  class space    used 12130K, capacity 12831K, committed 12928K, reserved 1048576K

Card table byte_map: [0x0000000011990000,0x0000000011ca0000] byte_map_base: 0x0000000011490000

Marking Bits: (ParMarkBitMap*) 0x000000006d655aa0
 Begin Bits: [0x00000000122a0000, 0x0000000013aa0000)
 End Bits:   [0x0000000013aa0000, 0x00000000152a0000)

Polling page: 0x0000000000cd0000

CodeCache: size=245760Kb used=67747Kb max_used=68451Kb free=178012Kb
 bounds [0x00000000025d0000, 0x00000000069c0000, 0x00000000115d0000]
 total_blobs=19280 nmethods=18366 adapters=824
 compilation: enabled

Compilation events (10 events):
Event: 266.560 Thread 0x0000000015f92800 24971       3       com.android.tools.r8.graph.DexValue$DexValueString::equals (6 bytes)
Event: 266.560 Thread 0x0000000015f92800 nmethod 24971 0x0000000005e585d0 code [0x0000000005e58740, 0x0000000005e588c8]
Event: 266.563 Thread 0x0000000015f92800 24972       1       com.android.tools.r8.graph.DexValue$DexValueLong::hashCode (9 bytes)
Event: 266.563 Thread 0x0000000015f92800 nmethod 24972 0x00000000068dc1d0 code [0x00000000068dc320, 0x00000000068dc430]
Event: 266.574 Thread 0x0000000015f47800 24973       4       com.android.tools.r8.dex.FileWriter$ProgramClassDependencyCollector::visit (26 bytes)
Event: 266.578 Thread 0x0000000015f3b000 24974       4       com.android.tools.r8.dex.FileWriter$$Lambda$595/1610660229::get$Lambda (10 bytes)
Event: 266.579 Thread 0x0000000015f47800 nmethod 24973 0x00000000053ef850 code [0x00000000053ef9e0, 0x00000000053efd68]
Event: 266.579 Thread 0x0000000015f3b000 nmethod 24974 0x0000000005917cd0 code [0x0000000005917e20, 0x0000000005917ef8]
Event: 266.589 Thread 0x0000000015f47800 24975       4       com.android.tools.r8.graph.DexValue$DexValueString::equals (6 bytes)
Event: 266.591 Thread 0x0000000015f47800 nmethod 24975 0x00000000053ef450 code [0x00000000053ef5a0, 0x00000000053ef6b8]

GC Heap History (10 events):
Event: 260.708 GC heap after
Heap after GC invocations=48 (full 4):
 PSYoungGen      total 484864K, used 28149K [0x00000000e0000000, 0x0000000100000000, 0x0000000100000000)
  eden space 456704K, 0% used [0x00000000e0000000,0x00000000e0000000,0x00000000fbe00000)
  from space 28160K, 99% used [0x00000000fe480000,0x00000000ffffd4a0,0x0000000100000000)
  to   space 33792K, 0% used [0x00000000fbe00000,0x00000000fbe00000,0x00000000fdf00000)
 ParOldGen       total 207360K, used 83982K [0x00000000a0000000, 0x00000000aca80000, 0x00000000e0000000)
  object space 207360K, 40% used [0x00000000a0000000,0x00000000a5203a78,0x00000000aca80000)
 Metaspace       used 97213K, capacity 100850K, committed 101120K, reserved 1138688K
  class space    used 12066K, capacity 12780K, committed 12800K, reserved 1048576K
}
Event: 261.741 GC heap before
{Heap before GC invocations=49 (full 4):
 PSYoungGen      total 484864K, used 484853K [0x00000000e0000000, 0x0000000100000000, 0x0000000100000000)
  eden space 456704K, 100% used [0x00000000e0000000,0x00000000fbe00000,0x00000000fbe00000)
  from space 28160K, 99% used [0x00000000fe480000,0x00000000ffffd4a0,0x0000000100000000)
  to   space 33792K, 0% used [0x00000000fbe00000,0x00000000fbe00000,0x00000000fdf00000)
 ParOldGen       total 207360K, used 83982K [0x00000000a0000000, 0x00000000aca80000, 0x00000000e0000000)
  object space 207360K, 40% used [0x00000000a0000000,0x00000000a5203a78,0x00000000aca80000)
 Metaspace       used 97215K, capacity 100850K, committed 101120K, reserved 1138688K
  class space    used 12066K, capacity 12780K, committed 12800K, reserved 1048576K
Event: 261.760 GC heap after
Heap after GC invocations=49 (full 4):
 PSYoungGen      total 483328K, used 26253K [0x00000000e0000000, 0x0000000100000000, 0x0000000100000000)
  eden space 456704K, 0% used [0x00000000e0000000,0x00000000e0000000,0x00000000fbe00000)
  from space 26624K, 98% used [0x00000000fbe00000,0x00000000fd7a3730,0x00000000fd800000)
  to   space 36352K, 0% used [0x00000000fdc80000,0x00000000fdc80000,0x0000000100000000)
 ParOldGen       total 207360K, used 84182K [0x00000000a0000000, 0x00000000aca80000, 0x00000000e0000000)
  object space 207360K, 40% used [0x00000000a0000000,0x00000000a5235a78,0x00000000aca80000)
 Metaspace       used 97215K, capacity 100850K, committed 101120K, reserved 1138688K
  class space    used 12066K, capacity 12780K, committed 12800K, reserved 1048576K
}
Event: 262.709 GC heap before
{Heap before GC invocations=50 (full 4):
 PSYoungGen      total 483328K, used 482957K [0x00000000e0000000, 0x0000000100000000, 0x0000000100000000)
  eden space 456704K, 100% used [0x00000000e0000000,0x00000000fbe00000,0x00000000fbe00000)
  from space 26624K, 98% used [0x00000000fbe00000,0x00000000fd7a3730,0x00000000fd800000)
  to   space 36352K, 0% used [0x00000000fdc80000,0x00000000fdc80000,0x0000000100000000)
 ParOldGen       total 207360K, used 84182K [0x00000000a0000000, 0x00000000aca80000, 0x00000000e0000000)
  object space 207360K, 40% used [0x00000000a0000000,0x00000000a5235a78,0x00000000aca80000)
 Metaspace       used 97217K, capacity 100850K, committed 101120K, reserved 1138688K
  class space    used 12066K, capacity 12780K, committed 12800K, reserved 1048576K
Event: 262.731 GC heap after
Heap after GC invocations=50 (full 4):
 PSYoungGen      total 483840K, used 27445K [0x00000000e0000000, 0x0000000100000000, 0x0000000100000000)
  eden space 447488K, 0% used [0x00000000e0000000,0x00000000e0000000,0x00000000fb500000)
  from space 36352K, 75% used [0x00000000fdc80000,0x00000000ff74d460,0x0000000100000000)
  to   space 38400K, 0% used [0x00000000fb500000,0x00000000fb500000,0x00000000fda80000)
 ParOldGen       total 207360K, used 84182K [0x00000000a0000000, 0x00000000aca80000, 0x00000000e0000000)
  object space 207360K, 40% used [0x00000000a0000000,0x00000000a5235a78,0x00000000aca80000)
 Metaspace       used 97217K, capacity 100850K, committed 101120K, reserved 1138688K
  class space    used 12066K, capacity 12780K, committed 12800K, reserved 1048576K
}
Event: 264.228 GC heap before
{Heap before GC invocations=51 (full 4):
 PSYoungGen      total 483840K, used 474933K [0x00000000e0000000, 0x0000000100000000, 0x0000000100000000)
  eden space 447488K, 100% used [0x00000000e0000000,0x00000000fb500000,0x00000000fb500000)
  from space 36352K, 75% used [0x00000000fdc80000,0x00000000ff74d460,0x0000000100000000)
  to   space 38400K, 0% used [0x00000000fb500000,0x00000000fb500000,0x00000000fda80000)
 ParOldGen       total 207360K, used 84182K [0x00000000a0000000, 0x00000000aca80000, 0x00000000e0000000)
  object space 207360K, 40% used [0x00000000a0000000,0x00000000a5235a78,0x00000000aca80000)
 Metaspace       used 97234K, capacity 100858K, committed 101120K, reserved 1138688K
  class space    used 12067K, capacity 12780K, committed 12800K, reserved 1048576K
Event: 264.234 GC heap after
Heap after GC invocations=51 (full 4):
 PSYoungGen      total 485888K, used 4829K [0x00000000e0000000, 0x0000000100000000, 0x0000000100000000)
  eden space 447488K, 0% used [0x00000000e0000000,0x00000000e0000000,0x00000000fb500000)
  from space 38400K, 12% used [0x00000000fb500000,0x00000000fb9b7670,0x00000000fda80000)
  to   space 38400K, 0% used [0x00000000fda80000,0x00000000fda80000,0x0000000100000000)
 ParOldGen       total 207360K, used 84278K [0x00000000a0000000, 0x00000000aca80000, 0x00000000e0000000)
  object space 207360K, 40% used [0x00000000a0000000,0x00000000a524da78,0x00000000aca80000)
 Metaspace       used 97234K, capacity 100858K, committed 101120K, reserved 1138688K
  class space    used 12067K, capacity 12780K, committed 12800K, reserved 1048576K
}
Event: 266.605 GC heap before
{Heap before GC invocations=52 (full 4):
 PSYoungGen      total 485888K, used 452317K [0x00000000e0000000, 0x0000000100000000, 0x0000000100000000)
  eden space 447488K, 100% used [0x00000000e0000000,0x00000000fb500000,0x00000000fb500000)
  from space 38400K, 12% used [0x00000000fb500000,0x00000000fb9b7670,0x00000000fda80000)
  to   space 38400K, 0% used [0x00000000fda80000,0x00000000fda80000,0x0000000100000000)
 ParOldGen       total 207360K, used 84278K [0x00000000a0000000, 0x00000000aca80000, 0x00000000e0000000)
  object space 207360K, 40% used [0x00000000a0000000,0x00000000a524da78,0x00000000aca80000)
 Metaspace       used 97880K, capacity 101568K, committed 101760K, reserved 1138688K
  class space    used 12130K, capacity 12831K, committed 12928K, reserved 1048576K
Event: 266.744 GC heap after
Heap after GC invocations=52 (full 4):
 PSYoungGen      total 404992K, used 38399K [0x00000000e0000000, 0x0000000100000000, 0x0000000100000000)
  eden space 366592K, 0% used [0x00000000e0000000,0x00000000e0000000,0x00000000f6600000)
  from space 38400K, 99% used [0x00000000fda80000,0x00000000fffffd58,0x0000000100000000)
  to   space 78848K, 0% used [0x00000000f6600000,0x00000000f6600000,0x00000000fb300000)
 ParOldGen       total 207360K, used 177192K [0x00000000a0000000, 0x00000000aca80000, 0x00000000e0000000)
  object space 207360K, 85% used [0x00000000a0000000,0x00000000aad0a088,0x00000000aca80000)
 Metaspace       used 97880K, capacity 101568K, committed 101760K, reserved 1138688K
  class space    used 12130K, capacity 12831K, committed 12928K, reserved 1048576K
}
Event: 266.745 GC heap before
{Heap before GC invocations=53 (full 5):
 PSYoungGen      total 404992K, used 38399K [0x00000000e0000000, 0x0000000100000000, 0x0000000100000000)
  eden space 366592K, 0% used [0x00000000e0000000,0x00000000e0000000,0x00000000f6600000)
  from space 38400K, 99% used [0x00000000fda80000,0x00000000fffffd58,0x0000000100000000)
  to   space 78848K, 0% used [0x00000000f6600000,0x00000000f6600000,0x00000000fb300000)
 ParOldGen       total 207360K, used 177192K [0x00000000a0000000, 0x00000000aca80000, 0x00000000e0000000)
  object space 207360K, 85% used [0x00000000a0000000,0x00000000aad0a088,0x00000000aca80000)
 Metaspace       used 97880K, capacity 101568K, committed 101760K, reserved 1138688K
  class space    used 12130K, capacity 12831K, committed 12928K, reserved 1048576K

Deoptimization events (10 events):
Event: 265.615 Thread 0x000000002026f800 Uncommon trap: reason=unstable_if action=reinterpret pc=0x00000000037aa6e8 method=java.util.concurrent.ForkJoinPool.awaitJoin(Ljava/util/concurrent/ForkJoinPool$WorkQueue;Ljava/util/concurrent/ForkJoinTask;J)I @ 165
Event: 265.637 Thread 0x000000002026f800 Uncommon trap: reason=unstable_if action=reinterpret pc=0x0000000006562da8 method=com.android.tools.r8.dex.Marker.parse(Lcom/android/tools/r8/graph/DexString;)Lcom/android/tools/r8/dex/Marker; @ 16
Event: 266.227 Thread 0x000000002026f800 Uncommon trap: reason=unstable_if action=reinterpret pc=0x00000000051f5708 method=com.android.tools.r8.graph.DexProgramClass.collectIndexedItems(Lcom/android/tools/r8/dex/IndexedItemCollection;Lcom/android/tools/r8/graph/DexMethod;I)V @ 73
Event: 266.227 Thread 0x000000002026f800 Uncommon trap: reason=unstable_if action=reinterpret pc=0x000000000647ffcc method=com.android.tools.r8.graph.DexProgramClass.collectIndexedItems(Lcom/android/tools/r8/dex/IndexedItemCollection;Lcom/android/tools/r8/graph/DexMethod;I)V @ 73
Event: 266.332 Thread 0x000000002026f800 Uncommon trap: reason=unstable_if action=reinterpret pc=0x00000000068db94c method=com.android.tools.r8.dex.VirtualFile.isFull(I)Z @ 8
Event: 266.406 Thread 0x000000002026f800 Uncommon trap: reason=uninitialized action=reinterpret pc=0x000000000671ac3c method=com.android.tools.r8.graph.DexValue.defaultForType(Lcom/android/tools/r8/graph/DexType;)Lcom/android/tools/r8/graph/DexValue; @ 124
Event: 266.416 Thread 0x000000002026f800 Uncommon trap: reason=uninitialized action=reinterpret pc=0x00000000066f7a54 method=com.android.tools.r8.graph.DexValue.defaultForType(Lcom/android/tools/r8/graph/DexType;)Lcom/android/tools/r8/graph/DexValue; @ 124
Event: 266.423 Thread 0x000000002026f800 Uncommon trap: reason=unstable_if action=reinterpret pc=0x0000000005ea72dc method=java.util.concurrent.ForkJoinPool.tryCompensate(Ljava/util/concurrent/ForkJoinPool$WorkQueue;)Z @ 59
Event: 266.536 Thread 0x0000000020270800 Uncommon trap: reason=unstable_if action=reinterpret pc=0x00000000050c62ac method=com.android.tools.r8.dex.FileWriter$ProgramClassDependencyCollector.visit(Lcom/android/tools/r8/graph/DexClass;)V @ 10
Event: 266.559 Thread 0x0000000020270800 Uncommon trap: reason=unstable_if action=reinterpret pc=0x0000000005cef0fc method=com.android.tools.r8.graph.DexValue$NestedDexValue.equals(Ljava/lang/Object;)Z @ 2

Classes redefined (0 events):
No events

Internal exceptions (10 events):
Event: 264.459 Thread 0x000000001f2e3800 Exception <a 'sun/nio/fs/WindowsException'> (0x00000000e5ac2678) thrown at [D:\src\AOSP-openjdk-cygwin\jdk8u\hotspot\src\share\vm\prims\jni.cpp, line 709]
Event: 264.465 Thread 0x000000001f2e3800 Exception <a 'sun/nio/fs/WindowsException'> (0x00000000e5b0c500) thrown at [D:\src\AOSP-openjdk-cygwin\jdk8u\hotspot\src\share\vm\prims\jni.cpp, line 709]
Event: 264.467 Thread 0x000000001f2e3800 Exception <a 'sun/nio/fs/WindowsException'> (0x00000000e5b9afb0) thrown at [D:\src\AOSP-openjdk-cygwin\jdk8u\hotspot\src\share\vm\prims\jni.cpp, line 709]
Event: 264.474 Thread 0x000000001f2e3800 Exception <a 'sun/nio/fs/WindowsException'> (0x00000000e5befaa8) thrown at [D:\src\AOSP-openjdk-cygwin\jdk8u\hotspot\src\share\vm\prims\jni.cpp, line 709]
Event: 264.477 Thread 0x000000001f2e3800 Exception <a 'sun/nio/fs/WindowsException'> (0x00000000e5d159e0) thrown at [D:\src\AOSP-openjdk-cygwin\jdk8u\hotspot\src\share\vm\prims\jni.cpp, line 709]
Event: 264.678 Thread 0x000000002026f800 Exception <a 'sun/nio/fs/WindowsException'> (0x00000000e6e90590) thrown at [D:\src\AOSP-openjdk-cygwin\jdk8u\hotspot\src\share\vm\prims\jni.cpp, line 709]
Event: 264.957 Thread 0x0000000020269800 Implicit null exception at 0x000000000656862e to 0x0000000006568ac1
Event: 264.957 Thread 0x0000000020271000 Implicit null exception at 0x000000000656862e to 0x0000000006568ac1
Event: 264.957 Thread 0x0000000020270800 Implicit null exception at 0x000000000656862e to 0x0000000006568ac1
Event: 264.957 Thread 0x0000000020271000 Implicit null exception at 0x00000000031e9c2f to 0x00000000031e9d21

Events (10 events):
Event: 266.423 Thread 0x000000002026f800 DEOPT UNPACKING pc=0x000000000261557b sp=0x000000002cf3e3a8 mode 2
Event: 266.532 Thread 0x000000002026f800 DEOPT PACKING pc=0x000000000673845a sp=0x000000002cf3e480
Event: 266.532 Thread 0x000000002026f800 DEOPT UNPACKING pc=0x00000000026175d0 sp=0x000000002cf3e200 mode 0
Event: 266.536 Thread 0x0000000020270800 Uncommon trap: trap_request=0xffffff65 fr.pc=0x00000000050c62ac
Event: 266.536 Thread 0x0000000020270800 DEOPT PACKING pc=0x00000000050c62ac sp=0x000000002d03f090
Event: 266.536 Thread 0x0000000020270800 DEOPT UNPACKING pc=0x000000000261557b sp=0x000000002d03f048 mode 2
Event: 266.559 Thread 0x0000000020270800 Uncommon trap: trap_request=0xffffff65 fr.pc=0x0000000005cef0fc
Event: 266.559 Thread 0x0000000020270800 DEOPT PACKING pc=0x0000000005cef0fc sp=0x000000002d03f0b0
Event: 266.559 Thread 0x0000000020270800 DEOPT UNPACKING pc=0x000000000261557b sp=0x000000002d03efe8 mode 2
Event: 266.605 Executing VM operation: ParallelGCFailedAllocation


Dynamic libraries:
0x00007ff659620000 - 0x00007ff659651000 	C:\Program Files\Android\Android Studio\jre\bin\java.exe
0x00007ff9399c0000 - 0x00007ff939bad000 	C:\WINDOWS\SYSTEM32\ntdll.dll
0x00007ff937750000 - 0x00007ff937803000 	C:\WINDOWS\System32\KERNEL32.DLL
0x00007ff935cf0000 - 0x00007ff935f83000 	C:\WINDOWS\System32\KERNELBASE.dll
0x00007ff9375f0000 - 0x00007ff937693000 	C:\WINDOWS\System32\ADVAPI32.dll
0x00007ff936bf0000 - 0x00007ff936c8e000 	C:\WINDOWS\System32\msvcrt.dll
0x00007ff9374b0000 - 0x00007ff93754e000 	C:\WINDOWS\System32\sechost.dll
0x00007ff939840000 - 0x00007ff939962000 	C:\WINDOWS\System32\RPCRT4.dll
0x00007ff937310000 - 0x00007ff9374a7000 	C:\WINDOWS\System32\USER32.dll
0x00007ff936bd0000 - 0x00007ff936bf0000 	C:\WINDOWS\System32\win32u.dll
0x00007ff9375c0000 - 0x00007ff9375e9000 	C:\WINDOWS\System32\GDI32.dll
0x00007ff936110000 - 0x00007ff9362aa000 	C:\WINDOWS\System32\gdi32full.dll
0x00007ff935f90000 - 0x00007ff936030000 	C:\WINDOWS\System32\msvcp_win.dll
0x00007ff936360000 - 0x00007ff93645a000 	C:\WINDOWS\System32\ucrtbase.dll
0x00007ff928fb0000 - 0x00007ff929229000 	C:\WINDOWS\WinSxS\amd64_microsoft.windows.common-controls_6595b64144ccf1df_6.0.17763.503_none_05b23ef40721f4ae\COMCTL32.dll
0x00007ff936d60000 - 0x00007ff93708c000 	C:\WINDOWS\System32\combase.dll
0x00007ff935a90000 - 0x00007ff935b0e000 	C:\WINDOWS\System32\bcryptPrimitives.dll
0x00007ff937e90000 - 0x00007ff937ebe000 	C:\WINDOWS\System32\IMM32.DLL
0x000000006ccd0000 - 0x000000006cda2000 	C:\Program Files\Android\Android Studio\jre\jre\bin\msvcr100.dll
0x000000006ce90000 - 0x000000006d6d1000 	C:\Program Files\Android\Android Studio\jre\jre\bin\server\jvm.dll
0x00007ff9372a0000 - 0x00007ff9372a8000 	C:\WINDOWS\System32\PSAPI.DLL
0x00007ff9331a0000 - 0x00007ff9331c4000 	C:\WINDOWS\SYSTEM32\WINMM.dll
0x00007ff9256f0000 - 0x00007ff9256f9000 	C:\WINDOWS\SYSTEM32\WSOCK32.dll
0x00007ff930810000 - 0x00007ff93081a000 	C:\WINDOWS\SYSTEM32\VERSION.dll
0x00007ff937f70000 - 0x00007ff937fdd000 	C:\WINDOWS\System32\WS2_32.dll
0x00007ff933140000 - 0x00007ff93316d000 	C:\WINDOWS\SYSTEM32\WINMMBASE.dll
0x00007ff936030000 - 0x00007ff93607a000 	C:\WINDOWS\System32\cfgmgr32.dll
0x00007ff928c30000 - 0x00007ff928c3f000 	C:\Program Files\Android\Android Studio\jre\jre\bin\verify.dll
0x00007ff925420000 - 0x00007ff925449000 	C:\Program Files\Android\Android Studio\jre\jre\bin\java.dll
0x00007ff925370000 - 0x00007ff925386000 	C:\Program Files\Android\Android Studio\jre\jre\bin\zip.dll
0x00007ff938140000 - 0x00007ff939630000 	C:\WINDOWS\System32\SHELL32.dll
0x00007ff937ec0000 - 0x00007ff937f68000 	C:\WINDOWS\System32\shcore.dll
0x00007ff936460000 - 0x00007ff936baa000 	C:\WINDOWS\System32\windows.storage.dll
0x00007ff935a00000 - 0x00007ff935a24000 	C:\WINDOWS\System32\profapi.dll
0x00007ff935a30000 - 0x00007ff935a8d000 	C:\WINDOWS\System32\powrprof.dll
0x00007ff9372b0000 - 0x00007ff937302000 	C:\WINDOWS\System32\shlwapi.dll
0x00007ff9359c0000 - 0x00007ff9359d1000 	C:\WINDOWS\System32\kernel.appcore.dll
0x00007ff936bb0000 - 0x00007ff936bc7000 	C:\WINDOWS\System32\cryptsp.dll
0x00007ff924e70000 - 0x00007ff924e8a000 	C:\Program Files\Android\Android Studio\jre\jre\bin\net.dll
0x00007ff934e60000 - 0x00007ff934ec7000 	C:\WINDOWS\system32\mswsock.dll
0x00007ff91ba90000 - 0x00007ff91baa1000 	C:\Program Files\Android\Android Studio\jre\jre\bin\nio.dll
0x00007ff91ae20000 - 0x00007ff91ae3e000 	C:\Users\BrzN\.gradle\native\25\windows-amd64\native-platform.dll
0x00007ff925360000 - 0x00007ff92536d000 	C:\Program Files\Android\Android Studio\jre\jre\bin\management.dll
0x00007ff934a20000 - 0x00007ff934a53000 	C:\WINDOWS\system32\rsaenh.dll
0x00007ff9360e0000 - 0x00007ff936106000 	C:\WINDOWS\System32\bcrypt.dll
0x00007ff9358f0000 - 0x00007ff935918000 	C:\WINDOWS\SYSTEM32\USERENV.dll
0x00007ff935030000 - 0x00007ff93503c000 	C:\WINDOWS\SYSTEM32\CRYPTBASE.dll
0x00007ff934bc0000 - 0x00007ff934bfd000 	C:\WINDOWS\SYSTEM32\IPHLPAPI.DLL
0x00007ff937550000 - 0x00007ff937558000 	C:\WINDOWS\System32\NSI.dll
0x00007ff92f590000 - 0x00007ff92f5a6000 	C:\WINDOWS\SYSTEM32\dhcpcsvc6.DLL
0x00007ff92f500000 - 0x00007ff92f51c000 	C:\WINDOWS\SYSTEM32\dhcpcsvc.DLL
0x00007ff934c00000 - 0x00007ff934cc6000 	C:\WINDOWS\SYSTEM32\DNSAPI.dll
0x00007ff910400000 - 0x00007ff910424000 	C:\Program Files\Android\Android Studio\jre\jre\bin\sunec.dll
0x00007ff927fa0000 - 0x00007ff927faa000 	C:\Windows\System32\rasadhlp.dll
0x00007ff928c40000 - 0x00007ff928cb9000 	C:\WINDOWS\System32\fwpuclnt.dll
0x00007ff91fdc0000 - 0x00007ff91fdcb000 	C:\Program Files\Android\Android Studio\jre\jre\bin\sunmscapi.dll
0x00007ff935b10000 - 0x00007ff935ceb000 	C:\WINDOWS\System32\CRYPT32.dll
0x00007ff9359e0000 - 0x00007ff9359f2000 	C:\WINDOWS\System32\MSASN1.dll
0x00007ff935500000 - 0x00007ff9356ed000 	C:\WINDOWS\SYSTEM32\dbghelp.dll

VM Arguments:
jvm_args: -Xmx1536m -Dfile.encoding=windows-1252 -Duser.country=BR -Duser.language=pt -Duser.variant 
java_command: org.gradle.launcher.daemon.bootstrap.GradleDaemon 5.1.1
java_class_path (initial): C:\Users\BrzN\.gradle\wrapper\dists\gradle-5.1.1-all\97z1ksx6lirer3kbvdnh7jtjg\gradle-5.1.1\lib\gradle-launcher-5.1.1.jar
Launcher Type: SUN_STANDARD

Environment Variables:
PATH=C:\Program Files (x86)\Common Files\Oracle\Java\javapath;C:\WINDOWS\system32;C:\WINDOWS;C:\WINDOWS\System32\Wbem;C:\WINDOWS\System32\WindowsPowerShell\v1.0\;C:\WINDOWS\System32\OpenSSH\;C:\Program Files\NVIDIA Corporation\NVIDIA NvDLISR;C:\Program Files (x86)\NVIDIA Corporation\PhysX\Common;C:\Program Files\Git\cmd;C:\WINDOWS\system32;C:\WINDOWS;C:\WINDOWS\System32\Wbem;C:\WINDOWS\System32\WindowsPowerShell\v1.0\;C:\WINDOWS\System32\OpenSSH\;C:\Users\BrzN\AppData\Local\Microsoft\WindowsApps;
USERNAME=BrzN
OS=Windows_NT
PROCESSOR_IDENTIFIER=Intel64 Family 6 Model 58 Stepping 9, GenuineIntel



---------------  S Y S T E M  ---------------

OS: Windows 10.0 , 64 bit Build 17763 (10.0.17763.475)

CPU:total 4 (initial active 4) (4 cores per cpu, 1 threads per core) family 6 model 58 stepping 9, cmov, cx8, fxsr, mmx, sse, sse2, sse3, ssse3, sse4.1, sse4.2, popcnt, avx, aes, clmul, erms, tsc, tscinvbit, tscinv

Memory: 4k page, physical 8333800k(2532852k free), swap 18573800k(10918248k free)

vm_info: OpenJDK 64-Bit Server VM (25.152-b01) for windows-amd64 JRE (1.8.0_152-release-1343-b01), built by "builder" with MS VC++ 10.0 (VS2010)

time: Sun Jun 09 20:06:15 2019
elapsed time: 266 seconds (0d 0h 4m 26s)

